{"C:\\Users\\HAMID\\Downloads\\dev\\vaultify\\server\\src\\db\\dbConfig.ts": {"path":"C:\\Users\\HAMID\\Downloads\\dev\\vaultify\\server\\src\\db\\dbConfig.ts","statementMap":{"0":{"start":{"line":1,"column":0},"end":{"line":1,"column":46}},"1":{"start":{"line":7,"column":13},"end":{"line":7,"column":58}},"2":{"start":{"line":9,"column":0},"end":{"line":9,"column":66}},"3":{"start":{"line":9,"column":43},"end":{"line":9,"column":66}}},"fnMap":{},"branchMap":{"0":{"loc":{"start":{"line":7,"column":18},"end":{"line":7,"column":57}},"type":"binary-expr","locations":[{"start":{"line":7,"column":18},"end":{"line":7,"column":35}},{"start":{"line":7,"column":39},"end":{"line":7,"column":57}}]},"1":{"loc":{"start":{"line":9,"column":0},"end":{"line":9,"column":66}},"type":"if","locations":[{"start":{"line":9,"column":0},"end":{"line":9,"column":66}}]}},"s":{"0":1,"1":1,"2":1,"3":1},"f":{},"b":{"0":[1,1],"1":[1]}}
,"C:\\Users\\HAMID\\Downloads\\dev\\vaultify\\server\\src\\modules\\users\\userController.ts": {"path":"C:\\Users\\HAMID\\Downloads\\dev\\vaultify\\server\\src\\modules\\users\\userController.ts","statementMap":{"0":{"start":{"line":1,"column":0},"end":{"line":1,"column":51}},"1":{"start":{"line":2,"column":0},"end":{"line":2,"column":55}},"2":{"start":{"line":5,"column":21},"end":{"line":20,"column":2}},"3":{"start":{"line":5,"column":59},"end":{"line":20,"column":2}},"4":{"start":{"line":6,"column":20},"end":{"line":6,"column":28}},"5":{"start":{"line":8,"column":2},"end":{"line":19,"column":3}},"6":{"start":{"line":9,"column":26},"end":{"line":9,"column":49}},"7":{"start":{"line":11,"column":4},"end":{"line":16,"column":5}},"8":{"start":{"line":12,"column":6},"end":{"line":12,"column":42}},"9":{"start":{"line":14,"column":22},"end":{"line":14,"column":45}},"10":{"start":{"line":15,"column":6},"end":{"line":15,"column":36}},"11":{"start":{"line":18,"column":4},"end":{"line":18,"column":63}},"12":{"start":{"line":72,"column":9},"end":{"line":72,"column":16}},"13":{"start":{"line":22,"column":17},"end":{"line":51,"column":2}},"14":{"start":{"line":22,"column":55},"end":{"line":51,"column":2}},"15":{"start":{"line":23,"column":51},"end":{"line":23,"column":59}},"16":{"start":{"line":25,"column":2},"end":{"line":50,"column":3}},"17":{"start":{"line":26,"column":27},"end":{"line":26,"column":50}},"18":{"start":{"line":28,"column":4},"end":{"line":30,"column":5}},"19":{"start":{"line":29,"column":6},"end":{"line":29,"column":70}},"20":{"start":{"line":37,"column":8},"end":{"line":40,"column":6}},"21":{"start":{"line":42,"column":4},"end":{"line":42,"column":56}},"22":{"start":{"line":42,"column":19},"end":{"line":42,"column":56}},"23":{"start":{"line":43,"column":4},"end":{"line":43,"column":53}},"24":{"start":{"line":43,"column":18},"end":{"line":43,"column":53}},"25":{"start":{"line":45,"column":20},"end":{"line":45,"column":42}},"26":{"start":{"line":47,"column":4},"end":{"line":47,"column":34}},"27":{"start":{"line":49,"column":4},"end":{"line":49,"column":63}},"28":{"start":{"line":72,"column":25},"end":{"line":72,"column":33}},"29":{"start":{"line":53,"column":19},"end":{"line":70,"column":2}},"30":{"start":{"line":53,"column":57},"end":{"line":70,"column":2}},"31":{"start":{"line":54,"column":30},"end":{"line":54,"column":38}},"32":{"start":{"line":56,"column":2},"end":{"line":69,"column":3}},"33":{"start":{"line":57,"column":27},"end":{"line":57,"column":50}},"34":{"start":{"line":59,"column":4},"end":{"line":64,"column":5}},"35":{"start":{"line":63,"column":6},"end":{"line":63,"column":70}},"36":{"start":{"line":66,"column":4},"end":{"line":66,"column":41}},"37":{"start":{"line":68,"column":4},"end":{"line":68,"column":63}},"38":{"start":{"line":72,"column":18},"end":{"line":72,"column":23}}},"fnMap":{"0":{"name":"(anonymous_7)","decl":{"start":{"line":5,"column":21},"end":{"line":5,"column":28}},"loc":{"start":{"line":5,"column":59},"end":{"line":20,"column":2}}},"1":{"name":"(anonymous_8)","decl":{"start":{"line":5,"column":59},"end":{"line":5,"column":null}},"loc":{"start":{"line":5,"column":59},"end":{"line":20,"column":1}}},"2":{"name":"(anonymous_9)","decl":{"start":{"line":22,"column":17},"end":{"line":22,"column":24}},"loc":{"start":{"line":22,"column":55},"end":{"line":51,"column":2}}},"3":{"name":"(anonymous_10)","decl":{"start":{"line":22,"column":55},"end":{"line":22,"column":null}},"loc":{"start":{"line":22,"column":55},"end":{"line":51,"column":1}}},"4":{"name":"(anonymous_11)","decl":{"start":{"line":53,"column":19},"end":{"line":53,"column":26}},"loc":{"start":{"line":53,"column":57},"end":{"line":70,"column":2}}},"5":{"name":"(anonymous_12)","decl":{"start":{"line":53,"column":57},"end":{"line":53,"column":null}},"loc":{"start":{"line":53,"column":57},"end":{"line":70,"column":1}}}},"branchMap":{"0":{"loc":{"start":{"line":11,"column":4},"end":{"line":16,"column":5}},"type":"if","locations":[{"start":{"line":11,"column":4},"end":{"line":16,"column":5}},{"start":{"line":13,"column":11},"end":{"line":16,"column":5}}]},"1":{"loc":{"start":{"line":28,"column":4},"end":{"line":30,"column":5}},"type":"if","locations":[{"start":{"line":28,"column":4},"end":{"line":30,"column":5}}]},"2":{"loc":{"start":{"line":42,"column":4},"end":{"line":42,"column":56}},"type":"if","locations":[{"start":{"line":42,"column":4},"end":{"line":42,"column":56}}]},"3":{"loc":{"start":{"line":43,"column":4},"end":{"line":43,"column":53}},"type":"if","locations":[{"start":{"line":43,"column":4},"end":{"line":43,"column":53}}]},"4":{"loc":{"start":{"line":59,"column":4},"end":{"line":64,"column":5}},"type":"if","locations":[{"start":{"line":59,"column":4},"end":{"line":64,"column":5}}]},"5":{"loc":{"start":{"line":60,"column":6},"end":{"line":61,"column":75}},"type":"binary-expr","locations":[{"start":{"line":60,"column":6},"end":{"line":60,"column":21}},{"start":{"line":61,"column":6},"end":{"line":61,"column":75}}]}},"s":{"0":1,"1":1,"2":1,"3":0,"4":0,"5":0,"6":0,"7":0,"8":0,"9":0,"10":0,"11":0,"12":1,"13":1,"14":0,"15":0,"16":0,"17":0,"18":0,"19":0,"20":0,"21":0,"22":0,"23":0,"24":0,"25":0,"26":0,"27":0,"28":1,"29":1,"30":2,"31":2,"32":2,"33":2,"34":2,"35":1,"36":1,"37":0,"38":1},"f":{"0":0,"1":0,"2":0,"3":0,"4":2,"5":2},"b":{"0":[0,0],"1":[0],"2":[0],"3":[0],"4":[1],"5":[2,1]}}
,"C:\\Users\\HAMID\\Downloads\\dev\\vaultify\\server\\src\\modules\\users\\userService.ts": {"path":"C:\\Users\\HAMID\\Downloads\\dev\\vaultify\\server\\src\\modules\\users\\userService.ts","statementMap":{"0":{"start":{"line":1,"column":0},"end":{"line":1,"column":39}},"1":{"start":{"line":3,"column":19},"end":{"line":10,"column":2}},"2":{"start":{"line":3,"column":43},"end":{"line":10,"column":2}},"3":{"start":{"line":4,"column":15},"end":{"line":4,"column":60}},"4":{"start":{"line":5,"column":2},"end":{"line":9,"column":3}},"5":{"start":{"line":6,"column":4},"end":{"line":6,"column":16}},"6":{"start":{"line":8,"column":4},"end":{"line":8,"column":16}},"7":{"start":{"line":21,"column":9},"end":{"line":21,"column":19}},"8":{"start":{"line":12,"column":19},"end":{"line":19,"column":2}},"9":{"start":{"line":17,"column":5},"end":{"line":19,"column":2}},"10":{"start":{"line":18,"column":2},"end":{"line":18,"column":53}},"11":{"start":{"line":21,"column":21},"end":{"line":21,"column":31}}},"fnMap":{"0":{"name":"(anonymous_7)","decl":{"start":{"line":3,"column":19},"end":{"line":3,"column":26}},"loc":{"start":{"line":3,"column":43},"end":{"line":10,"column":2}}},"1":{"name":"(anonymous_8)","decl":{"start":{"line":3,"column":43},"end":{"line":3,"column":null}},"loc":{"start":{"line":3,"column":43},"end":{"line":10,"column":1}}},"2":{"name":"(anonymous_9)","decl":{"start":{"line":12,"column":19},"end":{"line":12,"column":26}},"loc":{"start":{"line":17,"column":5},"end":{"line":19,"column":2}}},"3":{"name":"(anonymous_10)","decl":{"start":{"line":17,"column":5},"end":{"line":17,"column":null}},"loc":{"start":{"line":17,"column":5},"end":{"line":19,"column":1}}}},"branchMap":{"0":{"loc":{"start":{"line":5,"column":2},"end":{"line":9,"column":3}},"type":"if","locations":[{"start":{"line":5,"column":2},"end":{"line":9,"column":3}},{"start":{"line":7,"column":9},"end":{"line":9,"column":3}}]}},"s":{"0":1,"1":1,"2":0,"3":0,"4":0,"5":0,"6":0,"7":1,"8":1,"9":0,"10":0,"11":1},"f":{"0":0,"1":0,"2":0,"3":0},"b":{"0":[0,0]}}
,"C:\\Users\\HAMID\\Downloads\\dev\\vaultify\\server\\src\\utils\\hash.ts": {"path":"C:\\Users\\HAMID\\Downloads\\dev\\vaultify\\server\\src\\utils\\hash.ts","statementMap":{"0":{"start":{"line":3,"column":0},"end":{"line":3,"column":22}},"1":{"start":{"line":7,"column":0},"end":{"line":7,"column":22}},"2":{"start":{"line":1,"column":0},"end":{"line":1,"column":28}},"3":{"start":{"line":4,"column":2},"end":{"line":4,"column":41}},"4":{"start":{"line":8,"column":2},"end":{"line":8,"column":46}}},"fnMap":{"0":{"name":"hashPassword","decl":{"start":{"line":3,"column":22},"end":{"line":3,"column":34}},"loc":{"start":{"line":3,"column":52},"end":{"line":5,"column":null}}},"1":{"name":"comparePassword","decl":{"start":{"line":7,"column":22},"end":{"line":7,"column":37}},"loc":{"start":{"line":7,"column":68},"end":{"line":9,"column":null}}}},"branchMap":{},"s":{"0":1,"1":1,"2":1,"3":1,"4":0},"f":{"0":1,"1":0},"b":{}}
}
