TN:
SF:src\db\dbConfig.ts
FNF:0
FNH:0
DA:1,1
DA:7,1
DA:9,1
LF:3
LH:3
BRDA:7,0,0,1
BRDA:7,0,1,1
BRDA:9,1,0,1
BRF:3
BRH:3
end_of_record
TN:
SF:src\modules\users\userController.ts
FN:5,(anonymous_7)
FN:5,(anonymous_8)
FN:22,(anonymous_9)
FN:22,(anonymous_10)
FN:53,(anonymous_11)
FN:53,(anonymous_12)
FNF:6
FNH:2
FNDA:0,(anonymous_7)
FNDA:0,(anonymous_8)
FNDA:0,(anonymous_9)
FNDA:0,(anonymous_10)
FNDA:2,(anonymous_11)
FNDA:2,(anonymous_12)
DA:1,1
DA:2,1
DA:5,1
DA:6,0
DA:8,0
DA:9,0
DA:11,0
DA:12,0
DA:14,0
DA:15,0
DA:18,0
DA:22,1
DA:23,0
DA:25,0
DA:26,0
DA:28,0
DA:29,0
DA:37,0
DA:42,0
DA:43,0
DA:45,0
DA:47,0
DA:49,0
DA:53,2
DA:54,2
DA:56,2
DA:57,2
DA:59,2
DA:63,1
DA:66,1
DA:68,0
DA:72,1
LF:32
LH:12
BRDA:11,0,0,0
BRDA:11,0,1,0
BRDA:28,1,0,0
BRDA:42,2,0,0
BRDA:43,3,0,0
BRDA:59,4,0,1
BRDA:60,5,0,2
BRDA:60,5,1,1
BRF:8
BRH:3
end_of_record
TN:
SF:src\modules\users\userService.ts
FN:3,(anonymous_7)
FN:3,(anonymous_8)
FN:12,(anonymous_9)
FN:17,(anonymous_10)
FNF:4
FNH:0
FNDA:0,(anonymous_7)
FNDA:0,(anonymous_8)
FNDA:0,(anonymous_9)
FNDA:0,(anonymous_10)
DA:1,1
DA:3,1
DA:4,0
DA:5,0
DA:6,0
DA:8,0
DA:12,1
DA:17,0
DA:18,0
DA:21,1
LF:10
LH:4
BRDA:5,0,0,0
BRDA:5,0,1,0
BRF:2
BRH:0
end_of_record
TN:
SF:src\utils\hash.ts
FN:3,hashPassword
FN:7,comparePassword
FNF:2
FNH:1
FNDA:1,hashPassword
FNDA:0,comparePassword
DA:1,1
DA:3,1
DA:4,1
DA:7,1
DA:8,0
LF:5
LH:4
BRF:0
BRH:0
end_of_record
